[12:03:22] [ServerMain/INFO]: Environment: Environment[sessionHost=https://sessionserver.mojang.com, servicesHost=https://api.minecraftservices.com, name=PROD]
[12:03:23] [ServerMain/INFO]: No existing world data, creating new world
[12:03:24] [ServerMain/INFO]: Loaded 1373 recipes
[12:03:24] [ServerMain/INFO]: Loaded 1484 advancements
[12:03:24] [Server thread/INFO]: Starting minecraft server version 1.21.5
[12:03:24] [Server thread/INFO]: Loading properties
[12:03:24] [Server thread/INFO]: Default game type: SURVIVAL
[12:03:24] [Server thread/INFO]: Generating keypair
[12:03:24] [Server thread/INFO]: Starting Minecraft server on *:25565
[12:03:24] [Server thread/INFO]: Using epoll channel type
[12:03:24] [Server thread/WARN]: **** SERVER IS RUNNING IN OFFLINE/INSECURE MODE!
[12:03:24] [Server thread/WARN]: The server will make no attempt to authenticate usernames. Beware.
[12:03:24] [Server thread/WARN]: While this makes the game possible to play without internet access, it also opens up the ability for hackers to connect with any username they choose.
[12:03:24] [Server thread/WARN]: To change this, set "online-mode" to "true" in the server.properties file.
[12:03:24] [Server thread/INFO]: Preparing level "world"
[12:03:31] [Server thread/INFO]: Preparing start region for dimension minecraft:overworld
[12:03:31] [Worker-Main-3/INFO]: Preparing spawn area: 2%
[12:03:31] [Worker-Main-2/INFO]: Preparing spawn area: 2%
[12:03:32] [Worker-Main-1/INFO]: Preparing spawn area: 2%
[12:03:32] [Worker-Main-2/INFO]: Preparing spawn area: 2%
[12:03:33] [Worker-Main-1/INFO]: Preparing spawn area: 18%
[12:03:33] [Worker-Main-2/INFO]: Preparing spawn area: 18%
[12:03:34] [Worker-Main-2/INFO]: Preparing spawn area: 18%
[12:03:34] [Worker-Main-1/INFO]: Preparing spawn area: 20%
[12:03:35] [Worker-Main-3/INFO]: Preparing spawn area: 51%
[12:03:35] [Worker-Main-2/INFO]: Preparing spawn area: 51%
[12:03:36] [Worker-Main-1/INFO]: Preparing spawn area: 51%
[12:03:36] [Server thread/INFO]: Time elapsed: 5248 ms
[12:03:36] [Server thread/INFO]: Done (12.061s)! For help, type "help"
[12:04:36] [Server thread/INFO]: Server empty for 60 seconds, pausing
[12:08:35] [Server thread/INFO]: Unknown or incomplete command, see below for error
[12:08:35] [Server thread/INFO]: 1<--[HERE]
